<?xml version="1.0" encoding="UTF-8"?>
<!-- Generated by org.testng.reporters.JUnitXMLReporter -->
<testsuite ignored="2" hostname="DESKTOP-9CE39J7" failures="0" tests="3" name="Test" time="0.115" errors="0" timestamp="31 Jan 2023 17:45:29 GMT">
  <testcase classname="Tests.Login" name="Test1" time="0.028"/>
  <testcase classname="Tests.Login" name="Test2" time="0.003"/>
  <testcase classname="Tests.AddToCard" name="Test4" time="0.006"/>
  <testcase classname="Tests.AddToCard" name="Test3" time="0.0">
    <ignored/>
  </testcase> <!-- Test3 -->
  <testcase classname="Tests.Login" name="Test3" time="0.0">
    <ignored/>
  </testcase> <!-- Test3 -->
</testsuite> <!-- Test -->
